<?xml version="1.0" encoding="UTF-8"?>
<!-- Generated by org.testng.reporters.JUnitReportReporter -->
<testsuite skipped="0" hostname="DESKTOP-6EI3GPG" name="DemoPackage.Demo1" tests="1" failures="0" timestamp="01 Sep 2019 15:52:34 GMT" time="0.021" errors="0">
  <testcase name="displayName" time="0.021" classname="DemoPackage.Demo1"/>
</testsuite> <!-- DemoPackage.Demo1 -->
